CRITICAL - 2025-11-17 18:27:40 --> CodeIgniter\HTTP\Exceptions\BadRequestException: The URI you submitted has disallowed characters: "@icon"
[Method: GET, Route: ASSETS/extensions/@icon/dripicons/dripicons.css]
in SYSTEMPATH\Router\Router.php on line 741.
 1 SYSTEMPATH\Router\Router.php(207): CodeIgniter\Router\Router->checkDisallowedChars('ASSETS/extensions/@icon/dripicons/dripicons.css')
 2 SYSTEMPATH\CodeIgniter.php(832): CodeIgniter\Router\Router->handle('ASSETS/extensions/@icon/dripicons/dripicons.css')
 3 SYSTEMPATH\CodeIgniter.php(455): CodeIgniter\CodeIgniter->tryToRouteIt(Object(CodeIgniter\Router\RouteCollection))
 4 SYSTEMPATH\CodeIgniter.php(354): CodeIgniter\CodeIgniter->handleRequest(null, Object(Config\Cache), false)
 5 SYSTEMPATH\Boot.php(334): CodeIgniter\CodeIgniter->run()
 6 SYSTEMPATH\Boot.php(67): CodeIgniter\Boot::runCodeIgniter(Object(CodeIgniter\CodeIgniter))
 7 FCPATH\index.php(59): CodeIgniter\Boot::bootWeb(Object(Config\Paths))
CRITICAL - 2025-11-17 18:28:08 --> ParseError: syntax error, unexpected token "public"
[Method: POST, Route: Contact/save]
in APPPATH\Controllers\loginControleur.php on line 16.
 1 SYSTEMPATH\Autoloader\Autoloader.php(295): CodeIgniter\Autoloader\Autoloader->includeFile('C:\\wamp64\\www\\EEC_SITE_INTERNET\\app\\Controllers\\loginControleur.php')
 2 SYSTEMPATH\Autoloader\Autoloader.php(271): CodeIgniter\Autoloader\Autoloader->loadInNamespace('App\\Controllers\\loginControleur')
 3 [internal function]: CodeIgniter\Autoloader\Autoloader->loadClass('App\\Controllers\\loginControleur')
 4 SYSTEMPATH\CodeIgniter.php(885): class_exists('\\App\\Controllers\\loginControleur', true)
 5 SYSTEMPATH\CodeIgniter.php(494): CodeIgniter\CodeIgniter->startController()
 6 SYSTEMPATH\CodeIgniter.php(354): CodeIgniter\CodeIgniter->handleRequest(null, Object(Config\Cache), false)
 7 SYSTEMPATH\Boot.php(334): CodeIgniter\CodeIgniter->run()
 8 SYSTEMPATH\Boot.php(67): CodeIgniter\Boot::runCodeIgniter(Object(CodeIgniter\CodeIgniter))
 9 FCPATH\index.php(59): CodeIgniter\Boot::bootWeb(Object(Config\Paths))
CRITICAL - 2025-11-17 18:41:58 --> ParseError: Unmatched '}'
[Method: POST, Route: Contact/save]
in APPPATH\Controllers\loginControleur.php on line 47.
 1 SYSTEMPATH\Autoloader\Autoloader.php(295): CodeIgniter\Autoloader\Autoloader->includeFile('C:\\wamp64\\www\\EEC_SITE_INTERNET\\app\\Controllers\\loginControleur.php')
 2 SYSTEMPATH\Autoloader\Autoloader.php(271): CodeIgniter\Autoloader\Autoloader->loadInNamespace('App\\Controllers\\loginControleur')
 3 [internal function]: CodeIgniter\Autoloader\Autoloader->loadClass('App\\Controllers\\loginControleur')
 4 SYSTEMPATH\CodeIgniter.php(885): class_exists('\\App\\Controllers\\loginControleur', true)
 5 SYSTEMPATH\CodeIgniter.php(494): CodeIgniter\CodeIgniter->startController()
 6 SYSTEMPATH\CodeIgniter.php(354): CodeIgniter\CodeIgniter->handleRequest(null, Object(Config\Cache), false)
 7 SYSTEMPATH\Boot.php(334): CodeIgniter\CodeIgniter->run()
 8 SYSTEMPATH\Boot.php(67): CodeIgniter\Boot::runCodeIgniter(Object(CodeIgniter\CodeIgniter))
 9 FCPATH\index.php(59): CodeIgniter\Boot::bootWeb(Object(Config\Paths))
CRITICAL - 2025-11-17 18:48:20 --> Error: Class "App\Controlleurs\BaseController" not found
[Method: POST, Route: Contact/save]
in APPPATH\Controllers\loginControleur.php on line 6.
 1 SYSTEMPATH\Autoloader\Autoloader.php(316): include_once()
 2 SYSTEMPATH\Autoloader\Autoloader.php(295): CodeIgniter\Autoloader\Autoloader->includeFile('C:\\wamp64\\www\\EEC_SITE_INTERNET\\app\\Controllers\\loginControleur.php')
 3 SYSTEMPATH\Autoloader\Autoloader.php(271): CodeIgniter\Autoloader\Autoloader->loadInNamespace('App\\Controllers\\loginControleur')
 4 [internal function]: CodeIgniter\Autoloader\Autoloader->loadClass('App\\Controllers\\loginControleur')
 5 SYSTEMPATH\CodeIgniter.php(885): class_exists('\\App\\Controllers\\loginControleur', true)
 6 SYSTEMPATH\CodeIgniter.php(494): CodeIgniter\CodeIgniter->startController()
 7 SYSTEMPATH\CodeIgniter.php(354): CodeIgniter\CodeIgniter->handleRequest(null, Object(Config\Cache), false)
 8 SYSTEMPATH\Boot.php(334): CodeIgniter\CodeIgniter->run()
 9 SYSTEMPATH\Boot.php(67): CodeIgniter\Boot::runCodeIgniter(Object(CodeIgniter\CodeIgniter))
10 FCPATH\index.php(59): CodeIgniter\Boot::bootWeb(Object(Config\Paths))
CRITICAL - 2025-11-17 18:52:42 --> Error: Class "App\Controlleurs\BaseController" not found
[Method: POST, Route: Contact/save]
in APPPATH\Controllers\loginControleur.php on line 6.
 1 SYSTEMPATH\Autoloader\Autoloader.php(316): include_once()
 2 SYSTEMPATH\Autoloader\Autoloader.php(295): CodeIgniter\Autoloader\Autoloader->includeFile('C:\\wamp64\\www\\EEC_SITE_INTERNET\\app\\Controllers\\loginControleur.php')
 3 SYSTEMPATH\Autoloader\Autoloader.php(271): CodeIgniter\Autoloader\Autoloader->loadInNamespace('App\\Controllers\\loginControleur')
 4 [internal function]: CodeIgniter\Autoloader\Autoloader->loadClass('App\\Controllers\\loginControleur')
 5 SYSTEMPATH\CodeIgniter.php(885): class_exists('\\App\\Controllers\\loginControleur', true)
 6 SYSTEMPATH\CodeIgniter.php(494): CodeIgniter\CodeIgniter->startController()
 7 SYSTEMPATH\CodeIgniter.php(354): CodeIgniter\CodeIgniter->handleRequest(null, Object(Config\Cache), false)
 8 SYSTEMPATH\Boot.php(334): CodeIgniter\CodeIgniter->run()
 9 SYSTEMPATH\Boot.php(67): CodeIgniter\Boot::runCodeIgniter(Object(CodeIgniter\CodeIgniter))
10 FCPATH\index.php(59): CodeIgniter\Boot::bootWeb(Object(Config\Paths))
CRITICAL - 2025-11-17 18:54:21 --> Error: Class "App\Models\ContactModel" not found
[Method: POST, Route: Contact/save]
in APPPATH\Controllers\loginControleur.php on line 12.
 1 SYSTEMPATH\CodeIgniter.php(903): App\Controllers\loginControleur->__construct()
 2 SYSTEMPATH\CodeIgniter.php(498): CodeIgniter\CodeIgniter->createController()
 3 SYSTEMPATH\CodeIgniter.php(354): CodeIgniter\CodeIgniter->handleRequest(null, Object(Config\Cache), false)
 4 SYSTEMPATH\Boot.php(334): CodeIgniter\CodeIgniter->run()
 5 SYSTEMPATH\Boot.php(67): CodeIgniter\Boot::runCodeIgniter(Object(CodeIgniter\CodeIgniter))
 6 FCPATH\index.php(59): CodeIgniter\Boot::bootWeb(Object(Config\Paths))
CRITICAL - 2025-11-17 18:55:34 --> Error: Class "App\Models\ContactModel" not found
[Method: POST, Route: Contact/save]
in APPPATH\Controllers\loginControleur.php on line 12.
 1 SYSTEMPATH\CodeIgniter.php(903): App\Controllers\loginControleur->__construct()
 2 SYSTEMPATH\CodeIgniter.php(498): CodeIgniter\CodeIgniter->createController()
 3 SYSTEMPATH\CodeIgniter.php(354): CodeIgniter\CodeIgniter->handleRequest(null, Object(Config\Cache), false)
 4 SYSTEMPATH\Boot.php(334): CodeIgniter\CodeIgniter->run()
 5 SYSTEMPATH\Boot.php(67): CodeIgniter\Boot::runCodeIgniter(Object(CodeIgniter\CodeIgniter))
 6 FCPATH\index.php(59): CodeIgniter\Boot::bootWeb(Object(Config\Paths))
CRITICAL - 2025-11-17 18:57:08 --> Error: Class "App\Controllers\loginModel" not found
[Method: POST, Route: Contact/save]
in APPPATH\Controllers\loginControleur.php on line 12.
 1 SYSTEMPATH\CodeIgniter.php(903): App\Controllers\loginControleur->__construct()
 2 SYSTEMPATH\CodeIgniter.php(498): CodeIgniter\CodeIgniter->createController()
 3 SYSTEMPATH\CodeIgniter.php(354): CodeIgniter\CodeIgniter->handleRequest(null, Object(Config\Cache), false)
 4 SYSTEMPATH\Boot.php(334): CodeIgniter\CodeIgniter->run()
 5 SYSTEMPATH\Boot.php(67): CodeIgniter\Boot::runCodeIgniter(Object(CodeIgniter\CodeIgniter))
 6 FCPATH\index.php(59): CodeIgniter\Boot::bootWeb(Object(Config\Paths))
ERROR - 2025-11-17 19:22:30 --> mysqli_sql_exception: La table 'eecbafoussam.contact' n'existe pas in C:\wamp64\www\EEC_SITE_INTERNET\system\Database\MySQLi\Connection.php:327
Stack trace:
#0 C:\wamp64\www\EEC_SITE_INTERNET\system\Database\MySQLi\Connection.php(327): mysqli->query('SELECT 1\nFROM `...', 0)
#1 C:\wamp64\www\EEC_SITE_INTERNET\system\Database\BaseConnection.php(738): CodeIgniter\Database\MySQLi\Connection->execute('SELECT 1\nFROM `...')
#2 C:\wamp64\www\EEC_SITE_INTERNET\system\Database\BaseConnection.php(652): CodeIgniter\Database\BaseConnection->simpleQuery('SELECT 1\nFROM `...')
#3 C:\wamp64\www\EEC_SITE_INTERNET\system\Database\BaseBuilder.php(1649): CodeIgniter\Database\BaseConnection->query('SELECT 1\nFROM `...', Array, false)
#4 C:\wamp64\www\EEC_SITE_INTERNET\system\Validation\Rules.php(175): CodeIgniter\Database\BaseBuilder->get()
#5 C:\wamp64\www\EEC_SITE_INTERNET\system\Validation\StrictRules\Rules.php(187): CodeIgniter\Validation\Rules->is_unique('FOYET@GMAIL.COM', 'Contact.email', Array)
#6 C:\wamp64\www\EEC_SITE_INTERNET\system\Validation\Validation.php(336): CodeIgniter\Validation\StrictRules\Rules->is_unique('FOYET@GMAIL.COM', 'Contact.email', Array, NULL, 'email')
#7 C:\wamp64\www\EEC_SITE_INTERNET\system\Validation\Validation.php(201): CodeIgniter\Validation\Validation->processRules('email', 'email', 'FOYET@GMAIL.COM', Array, Array, 'email')
#8 C:\wamp64\www\EEC_SITE_INTERNET\system\BaseModel.php(1580): CodeIgniter\Validation\Validation->run(Array, NULL, NULL)
#9 C:\wamp64\www\EEC_SITE_INTERNET\system\BaseModel.php(812): CodeIgniter\BaseModel->validate(Array)
#10 C:\wamp64\www\EEC_SITE_INTERNET\system\Model.php(800): CodeIgniter\BaseModel->insert(Array, false)
#11 C:\wamp64\www\EEC_SITE_INTERNET\system\BaseModel.php(754): CodeIgniter\Model->insert(Array, false)
#12 C:\wamp64\www\EEC_SITE_INTERNET\app\Controllers\loginControleur.php(40): CodeIgniter\BaseModel->save(Array)
#13 C:\wamp64\www\EEC_SITE_INTERNET\system\CodeIgniter.php(933): App\Controllers\loginControleur->save()
#14 C:\wamp64\www\EEC_SITE_INTERNET\system\CodeIgniter.php(507): CodeIgniter\CodeIgniter->runController(Object(App\Controllers\loginControleur))
#15 C:\wamp64\www\EEC_SITE_INTERNET\system\CodeIgniter.php(354): CodeIgniter\CodeIgniter->handleRequest(NULL, Object(Config\Cache), false)
#16 C:\wamp64\www\EEC_SITE_INTERNET\system\Boot.php(334): CodeIgniter\CodeIgniter->run()
#17 C:\wamp64\www\EEC_SITE_INTERNET\system\Boot.php(67): CodeIgniter\Boot::runCodeIgniter(Object(CodeIgniter\CodeIgniter))
#18 C:\wamp64\www\EEC_SITE_INTERNET\public\index.php(59): CodeIgniter\Boot::bootWeb(Object(Config\Paths))
#19 {main}
CRITICAL - 2025-11-17 19:22:30 --> CodeIgniter\Database\Exceptions\DatabaseException: La table 'eecbafoussam.contact' n'existe pas
[Method: POST, Route: Contact/save]
in SYSTEMPATH\Database\BaseConnection.php on line 692.
 1 SYSTEMPATH\Database\BaseBuilder.php(1649): CodeIgniter\Database\BaseConnection->query('SELECT 1
FROM `Contact`
WHERE `email` = :email:
 LIMIT 1', [...], false)
 2 SYSTEMPATH\Validation\Rules.php(175): CodeIgniter\Database\BaseBuilder->get()
 3 SYSTEMPATH\Validation\StrictRules\Rules.php(187): CodeIgniter\Validation\Rules->is_unique('FOYET@GMAIL.COM', 'Contact.email', [...])
 4 SYSTEMPATH\Validation\Validation.php(336): CodeIgniter\Validation\StrictRules\Rules->is_unique('FOYET@GMAIL.COM', 'Contact.email', [...], null, 'email')
 5 SYSTEMPATH\Validation\Validation.php(201): CodeIgniter\Validation\Validation->processRules('email', 'email', 'FOYET@GMAIL.COM', [...], [...], 'email')
 6 SYSTEMPATH\BaseModel.php(1580): CodeIgniter\Validation\Validation->run([...], null, null)
 7 SYSTEMPATH\BaseModel.php(812): CodeIgniter\BaseModel->validate([...])
 8 SYSTEMPATH\Model.php(800): CodeIgniter\BaseModel->insert([...], false)
 9 SYSTEMPATH\BaseModel.php(754): CodeIgniter\Model->insert([...], false)
10 APPPATH\Controllers\loginControleur.php(40): CodeIgniter\BaseModel->save([...])
11 SYSTEMPATH\CodeIgniter.php(933): App\Controllers\loginControleur->save()
12 SYSTEMPATH\CodeIgniter.php(507): CodeIgniter\CodeIgniter->runController(Object(App\Controllers\loginControleur))
13 SYSTEMPATH\CodeIgniter.php(354): CodeIgniter\CodeIgniter->handleRequest(null, Object(Config\Cache), false)
14 SYSTEMPATH\Boot.php(334): CodeIgniter\CodeIgniter->run()
15 SYSTEMPATH\Boot.php(67): CodeIgniter\Boot::runCodeIgniter(Object(CodeIgniter\CodeIgniter))
16 FCPATH\index.php(59): CodeIgniter\Boot::bootWeb(Object(Config\Paths))
CRITICAL - 2025-11-17 19:22:30 --> [Caused by] CodeIgniter\Database\Exceptions\DatabaseException: La table 'eecbafoussam.contact' n'existe pas
in SYSTEMPATH\Database\MySQLi\Connection.php on line 332.
 1 SYSTEMPATH\Database\BaseConnection.php(738): CodeIgniter\Database\MySQLi\Connection->execute('SELECT 1
FROM `Contact`
WHERE `email` = \'FOYET@GMAIL.COM\'
 LIMIT 1')
 2 SYSTEMPATH\Database\BaseConnection.php(652): CodeIgniter\Database\BaseConnection->simpleQuery('SELECT 1
FROM `Contact`
WHERE `email` = \'FOYET@GMAIL.COM\'
 LIMIT 1')
 3 SYSTEMPATH\Database\BaseBuilder.php(1649): CodeIgniter\Database\BaseConnection->query('SELECT 1
FROM `Contact`
WHERE `email` = :email:
 LIMIT 1', [...], false)
 4 SYSTEMPATH\Validation\Rules.php(175): CodeIgniter\Database\BaseBuilder->get()
 5 SYSTEMPATH\Validation\StrictRules\Rules.php(187): CodeIgniter\Validation\Rules->is_unique('FOYET@GMAIL.COM', 'Contact.email', [...])
 6 SYSTEMPATH\Validation\Validation.php(336): CodeIgniter\Validation\StrictRules\Rules->is_unique('FOYET@GMAIL.COM', 'Contact.email', [...], null, 'email')
 7 SYSTEMPATH\Validation\Validation.php(201): CodeIgniter\Validation\Validation->processRules('email', 'email', 'FOYET@GMAIL.COM', [...], [...], 'email')
 8 SYSTEMPATH\BaseModel.php(1580): CodeIgniter\Validation\Validation->run([...], null, null)
 9 SYSTEMPATH\BaseModel.php(812): CodeIgniter\BaseModel->validate([...])
10 SYSTEMPATH\Model.php(800): CodeIgniter\BaseModel->insert([...], false)
11 SYSTEMPATH\BaseModel.php(754): CodeIgniter\Model->insert([...], false)
12 APPPATH\Controllers\loginControleur.php(40): CodeIgniter\BaseModel->save([...])
13 SYSTEMPATH\CodeIgniter.php(933): App\Controllers\loginControleur->save()
14 SYSTEMPATH\CodeIgniter.php(507): CodeIgniter\CodeIgniter->runController(Object(App\Controllers\loginControleur))
15 SYSTEMPATH\CodeIgniter.php(354): CodeIgniter\CodeIgniter->handleRequest(null, Object(Config\Cache), false)
16 SYSTEMPATH\Boot.php(334): CodeIgniter\CodeIgniter->run()
17 SYSTEMPATH\Boot.php(67): CodeIgniter\Boot::runCodeIgniter(Object(CodeIgniter\CodeIgniter))
18 FCPATH\index.php(59): CodeIgniter\Boot::bootWeb(Object(Config\Paths))
CRITICAL - 2025-11-17 19:22:30 --> [Caused by] mysqli_sql_exception: La table 'eecbafoussam.contact' n'existe pas
in SYSTEMPATH\Database\MySQLi\Connection.php on line 327.
 1 SYSTEMPATH\Database\MySQLi\Connection.php(327): mysqli->query('SELECT 1
FROM `Contact`
WHERE `email` = \'FOYET@GMAIL.COM\'
 LIMIT 1', 0)
 2 SYSTEMPATH\Database\BaseConnection.php(738): CodeIgniter\Database\MySQLi\Connection->execute('SELECT 1
FROM `Contact`
WHERE `email` = \'FOYET@GMAIL.COM\'
 LIMIT 1')
 3 SYSTEMPATH\Database\BaseConnection.php(652): CodeIgniter\Database\BaseConnection->simpleQuery('SELECT 1
FROM `Contact`
WHERE `email` = \'FOYET@GMAIL.COM\'
 LIMIT 1')
 4 SYSTEMPATH\Database\BaseBuilder.php(1649): CodeIgniter\Database\BaseConnection->query('SELECT 1
FROM `Contact`
WHERE `email` = :email:
 LIMIT 1', [...], false)
 5 SYSTEMPATH\Validation\Rules.php(175): CodeIgniter\Database\BaseBuilder->get()
 6 SYSTEMPATH\Validation\StrictRules\Rules.php(187): CodeIgniter\Validation\Rules->is_unique('FOYET@GMAIL.COM', 'Contact.email', [...])
 7 SYSTEMPATH\Validation\Validation.php(336): CodeIgniter\Validation\StrictRules\Rules->is_unique('FOYET@GMAIL.COM', 'Contact.email', [...], null, 'email')
 8 SYSTEMPATH\Validation\Validation.php(201): CodeIgniter\Validation\Validation->processRules('email', 'email', 'FOYET@GMAIL.COM', [...], [...], 'email')
 9 SYSTEMPATH\BaseModel.php(1580): CodeIgniter\Validation\Validation->run([...], null, null)
10 SYSTEMPATH\BaseModel.php(812): CodeIgniter\BaseModel->validate([...])
11 SYSTEMPATH\Model.php(800): CodeIgniter\BaseModel->insert([...], false)
12 SYSTEMPATH\BaseModel.php(754): CodeIgniter\Model->insert([...], false)
13 APPPATH\Controllers\loginControleur.php(40): CodeIgniter\BaseModel->save([...])
14 SYSTEMPATH\CodeIgniter.php(933): App\Controllers\loginControleur->save()
15 SYSTEMPATH\CodeIgniter.php(507): CodeIgniter\CodeIgniter->runController(Object(App\Controllers\loginControleur))
16 SYSTEMPATH\CodeIgniter.php(354): CodeIgniter\CodeIgniter->handleRequest(null, Object(Config\Cache), false)
17 SYSTEMPATH\Boot.php(334): CodeIgniter\CodeIgniter->run()
18 SYSTEMPATH\Boot.php(67): CodeIgniter\Boot::runCodeIgniter(Object(CodeIgniter\CodeIgniter))
19 FCPATH\index.php(59): CodeIgniter\Boot::bootWeb(Object(Config\Paths))
ERROR - 2025-11-17 19:32:21 --> mysqli_sql_exception: La table 'eecbafoussam.contact' n'existe pas in C:\wamp64\www\EEC_SITE_INTERNET\system\Database\MySQLi\Connection.php:327
Stack trace:
#0 C:\wamp64\www\EEC_SITE_INTERNET\system\Database\MySQLi\Connection.php(327): mysqli->query('SELECT 1\nFROM `...', 0)
#1 C:\wamp64\www\EEC_SITE_INTERNET\system\Database\BaseConnection.php(738): CodeIgniter\Database\MySQLi\Connection->execute('SELECT 1\nFROM `...')
#2 C:\wamp64\www\EEC_SITE_INTERNET\system\Database\BaseConnection.php(652): CodeIgniter\Database\BaseConnection->simpleQuery('SELECT 1\nFROM `...')
#3 C:\wamp64\www\EEC_SITE_INTERNET\system\Database\BaseBuilder.php(1649): CodeIgniter\Database\BaseConnection->query('SELECT 1\nFROM `...', Array, false)
#4 C:\wamp64\www\EEC_SITE_INTERNET\system\Validation\Rules.php(175): CodeIgniter\Database\BaseBuilder->get()
#5 C:\wamp64\www\EEC_SITE_INTERNET\system\Validation\StrictRules\Rules.php(187): CodeIgniter\Validation\Rules->is_unique('FOYET@GMAIL.COM', 'Contact.email', Array)
#6 C:\wamp64\www\EEC_SITE_INTERNET\system\Validation\Validation.php(336): CodeIgniter\Validation\StrictRules\Rules->is_unique('FOYET@GMAIL.COM', 'Contact.email', Array, NULL, 'email')
#7 C:\wamp64\www\EEC_SITE_INTERNET\system\Validation\Validation.php(201): CodeIgniter\Validation\Validation->processRules('email', 'email', 'FOYET@GMAIL.COM', Array, Array, 'email')
#8 C:\wamp64\www\EEC_SITE_INTERNET\system\BaseModel.php(1580): CodeIgniter\Validation\Validation->run(Array, NULL, NULL)
#9 C:\wamp64\www\EEC_SITE_INTERNET\system\BaseModel.php(812): CodeIgniter\BaseModel->validate(Array)
#10 C:\wamp64\www\EEC_SITE_INTERNET\system\Model.php(800): CodeIgniter\BaseModel->insert(Array, false)
#11 C:\wamp64\www\EEC_SITE_INTERNET\system\BaseModel.php(754): CodeIgniter\Model->insert(Array, false)
#12 C:\wamp64\www\EEC_SITE_INTERNET\app\Controllers\loginControleur.php(40): CodeIgniter\BaseModel->save(Array)
#13 C:\wamp64\www\EEC_SITE_INTERNET\system\CodeIgniter.php(933): App\Controllers\LoginControleur->save()
#14 C:\wamp64\www\EEC_SITE_INTERNET\system\CodeIgniter.php(507): CodeIgniter\CodeIgniter->runController(Object(App\Controllers\LoginControleur))
#15 C:\wamp64\www\EEC_SITE_INTERNET\system\CodeIgniter.php(354): CodeIgniter\CodeIgniter->handleRequest(NULL, Object(Config\Cache), false)
#16 C:\wamp64\www\EEC_SITE_INTERNET\system\Boot.php(334): CodeIgniter\CodeIgniter->run()
#17 C:\wamp64\www\EEC_SITE_INTERNET\system\Boot.php(67): CodeIgniter\Boot::runCodeIgniter(Object(CodeIgniter\CodeIgniter))
#18 C:\wamp64\www\EEC_SITE_INTERNET\public\index.php(59): CodeIgniter\Boot::bootWeb(Object(Config\Paths))
#19 {main}
CRITICAL - 2025-11-17 19:32:21 --> CodeIgniter\Database\Exceptions\DatabaseException: La table 'eecbafoussam.contact' n'existe pas
[Method: POST, Route: Contact/save]
in SYSTEMPATH\Database\BaseConnection.php on line 692.
 1 SYSTEMPATH\Database\BaseBuilder.php(1649): CodeIgniter\Database\BaseConnection->query('SELECT 1
FROM `Contact`
WHERE `email` = :email:
 LIMIT 1', [...], false)
 2 SYSTEMPATH\Validation\Rules.php(175): CodeIgniter\Database\BaseBuilder->get()
 3 SYSTEMPATH\Validation\StrictRules\Rules.php(187): CodeIgniter\Validation\Rules->is_unique('FOYET@GMAIL.COM', 'Contact.email', [...])
 4 SYSTEMPATH\Validation\Validation.php(336): CodeIgniter\Validation\StrictRules\Rules->is_unique('FOYET@GMAIL.COM', 'Contact.email', [...], null, 'email')
 5 SYSTEMPATH\Validation\Validation.php(201): CodeIgniter\Validation\Validation->processRules('email', 'email', 'FOYET@GMAIL.COM', [...], [...], 'email')
 6 SYSTEMPATH\BaseModel.php(1580): CodeIgniter\Validation\Validation->run([...], null, null)
 7 SYSTEMPATH\BaseModel.php(812): CodeIgniter\BaseModel->validate([...])
 8 SYSTEMPATH\Model.php(800): CodeIgniter\BaseModel->insert([...], false)
 9 SYSTEMPATH\BaseModel.php(754): CodeIgniter\Model->insert([...], false)
10 APPPATH\Controllers\loginControleur.php(40): CodeIgniter\BaseModel->save([...])
11 SYSTEMPATH\CodeIgniter.php(933): App\Controllers\LoginControleur->save()
12 SYSTEMPATH\CodeIgniter.php(507): CodeIgniter\CodeIgniter->runController(Object(App\Controllers\LoginControleur))
13 SYSTEMPATH\CodeIgniter.php(354): CodeIgniter\CodeIgniter->handleRequest(null, Object(Config\Cache), false)
14 SYSTEMPATH\Boot.php(334): CodeIgniter\CodeIgniter->run()
15 SYSTEMPATH\Boot.php(67): CodeIgniter\Boot::runCodeIgniter(Object(CodeIgniter\CodeIgniter))
16 FCPATH\index.php(59): CodeIgniter\Boot::bootWeb(Object(Config\Paths))
CRITICAL - 2025-11-17 19:32:21 --> [Caused by] CodeIgniter\Database\Exceptions\DatabaseException: La table 'eecbafoussam.contact' n'existe pas
in SYSTEMPATH\Database\MySQLi\Connection.php on line 332.
 1 SYSTEMPATH\Database\BaseConnection.php(738): CodeIgniter\Database\MySQLi\Connection->execute('SELECT 1
FROM `Contact`
WHERE `email` = \'FOYET@GMAIL.COM\'
 LIMIT 1')
 2 SYSTEMPATH\Database\BaseConnection.php(652): CodeIgniter\Database\BaseConnection->simpleQuery('SELECT 1
FROM `Contact`
WHERE `email` = \'FOYET@GMAIL.COM\'
 LIMIT 1')
 3 SYSTEMPATH\Database\BaseBuilder.php(1649): CodeIgniter\Database\BaseConnection->query('SELECT 1
FROM `Contact`
WHERE `email` = :email:
 LIMIT 1', [...], false)
 4 SYSTEMPATH\Validation\Rules.php(175): CodeIgniter\Database\BaseBuilder->get()
 5 SYSTEMPATH\Validation\StrictRules\Rules.php(187): CodeIgniter\Validation\Rules->is_unique('FOYET@GMAIL.COM', 'Contact.email', [...])
 6 SYSTEMPATH\Validation\Validation.php(336): CodeIgniter\Validation\StrictRules\Rules->is_unique('FOYET@GMAIL.COM', 'Contact.email', [...], null, 'email')
 7 SYSTEMPATH\Validation\Validation.php(201): CodeIgniter\Validation\Validation->processRules('email', 'email', 'FOYET@GMAIL.COM', [...], [...], 'email')
 8 SYSTEMPATH\BaseModel.php(1580): CodeIgniter\Validation\Validation->run([...], null, null)
 9 SYSTEMPATH\BaseModel.php(812): CodeIgniter\BaseModel->validate([...])
10 SYSTEMPATH\Model.php(800): CodeIgniter\BaseModel->insert([...], false)
11 SYSTEMPATH\BaseModel.php(754): CodeIgniter\Model->insert([...], false)
12 APPPATH\Controllers\loginControleur.php(40): CodeIgniter\BaseModel->save([...])
13 SYSTEMPATH\CodeIgniter.php(933): App\Controllers\LoginControleur->save()
14 SYSTEMPATH\CodeIgniter.php(507): CodeIgniter\CodeIgniter->runController(Object(App\Controllers\LoginControleur))
15 SYSTEMPATH\CodeIgniter.php(354): CodeIgniter\CodeIgniter->handleRequest(null, Object(Config\Cache), false)
16 SYSTEMPATH\Boot.php(334): CodeIgniter\CodeIgniter->run()
17 SYSTEMPATH\Boot.php(67): CodeIgniter\Boot::runCodeIgniter(Object(CodeIgniter\CodeIgniter))
18 FCPATH\index.php(59): CodeIgniter\Boot::bootWeb(Object(Config\Paths))
CRITICAL - 2025-11-17 19:32:21 --> [Caused by] mysqli_sql_exception: La table 'eecbafoussam.contact' n'existe pas
in SYSTEMPATH\Database\MySQLi\Connection.php on line 327.
 1 SYSTEMPATH\Database\MySQLi\Connection.php(327): mysqli->query('SELECT 1
FROM `Contact`
WHERE `email` = \'FOYET@GMAIL.COM\'
 LIMIT 1', 0)
 2 SYSTEMPATH\Database\BaseConnection.php(738): CodeIgniter\Database\MySQLi\Connection->execute('SELECT 1
FROM `Contact`
WHERE `email` = \'FOYET@GMAIL.COM\'
 LIMIT 1')
 3 SYSTEMPATH\Database\BaseConnection.php(652): CodeIgniter\Database\BaseConnection->simpleQuery('SELECT 1
FROM `Contact`
WHERE `email` = \'FOYET@GMAIL.COM\'
 LIMIT 1')
 4 SYSTEMPATH\Database\BaseBuilder.php(1649): CodeIgniter\Database\BaseConnection->query('SELECT 1
FROM `Contact`
WHERE `email` = :email:
 LIMIT 1', [...], false)
 5 SYSTEMPATH\Validation\Rules.php(175): CodeIgniter\Database\BaseBuilder->get()
 6 SYSTEMPATH\Validation\StrictRules\Rules.php(187): CodeIgniter\Validation\Rules->is_unique('FOYET@GMAIL.COM', 'Contact.email', [...])
 7 SYSTEMPATH\Validation\Validation.php(336): CodeIgniter\Validation\StrictRules\Rules->is_unique('FOYET@GMAIL.COM', 'Contact.email', [...], null, 'email')
 8 SYSTEMPATH\Validation\Validation.php(201): CodeIgniter\Validation\Validation->processRules('email', 'email', 'FOYET@GMAIL.COM', [...], [...], 'email')
 9 SYSTEMPATH\BaseModel.php(1580): CodeIgniter\Validation\Validation->run([...], null, null)
10 SYSTEMPATH\BaseModel.php(812): CodeIgniter\BaseModel->validate([...])
11 SYSTEMPATH\Model.php(800): CodeIgniter\BaseModel->insert([...], false)
12 SYSTEMPATH\BaseModel.php(754): CodeIgniter\Model->insert([...], false)
13 APPPATH\Controllers\loginControleur.php(40): CodeIgniter\BaseModel->save([...])
14 SYSTEMPATH\CodeIgniter.php(933): App\Controllers\LoginControleur->save()
15 SYSTEMPATH\CodeIgniter.php(507): CodeIgniter\CodeIgniter->runController(Object(App\Controllers\LoginControleur))
16 SYSTEMPATH\CodeIgniter.php(354): CodeIgniter\CodeIgniter->handleRequest(null, Object(Config\Cache), false)
17 SYSTEMPATH\Boot.php(334): CodeIgniter\CodeIgniter->run()
18 SYSTEMPATH\Boot.php(67): CodeIgniter\Boot::runCodeIgniter(Object(CodeIgniter\CodeIgniter))
19 FCPATH\index.php(59): CodeIgniter\Boot::bootWeb(Object(Config\Paths))
ERROR - 2025-11-17 19:34:53 --> mysqli_sql_exception: La table 'eecbafoussam.contact' n'existe pas in C:\wamp64\www\EEC_SITE_INTERNET\system\Database\MySQLi\Connection.php:327
Stack trace:
#0 C:\wamp64\www\EEC_SITE_INTERNET\system\Database\MySQLi\Connection.php(327): mysqli->query('SELECT 1\nFROM `...', 0)
#1 C:\wamp64\www\EEC_SITE_INTERNET\system\Database\BaseConnection.php(738): CodeIgniter\Database\MySQLi\Connection->execute('SELECT 1\nFROM `...')
#2 C:\wamp64\www\EEC_SITE_INTERNET\system\Database\BaseConnection.php(652): CodeIgniter\Database\BaseConnection->simpleQuery('SELECT 1\nFROM `...')
#3 C:\wamp64\www\EEC_SITE_INTERNET\system\Database\BaseBuilder.php(1649): CodeIgniter\Database\BaseConnection->query('SELECT 1\nFROM `...', Array, false)
#4 C:\wamp64\www\EEC_SITE_INTERNET\system\Validation\Rules.php(175): CodeIgniter\Database\BaseBuilder->get()
#5 C:\wamp64\www\EEC_SITE_INTERNET\system\Validation\StrictRules\Rules.php(187): CodeIgniter\Validation\Rules->is_unique('FOYET@GMAIL.COM', 'Contact.email', Array)
#6 C:\wamp64\www\EEC_SITE_INTERNET\system\Validation\Validation.php(336): CodeIgniter\Validation\StrictRules\Rules->is_unique('FOYET@GMAIL.COM', 'Contact.email', Array, NULL, 'email')
#7 C:\wamp64\www\EEC_SITE_INTERNET\system\Validation\Validation.php(201): CodeIgniter\Validation\Validation->processRules('email', 'email', 'FOYET@GMAIL.COM', Array, Array, 'email')
#8 C:\wamp64\www\EEC_SITE_INTERNET\system\BaseModel.php(1580): CodeIgniter\Validation\Validation->run(Array, NULL, NULL)
#9 C:\wamp64\www\EEC_SITE_INTERNET\system\BaseModel.php(812): CodeIgniter\BaseModel->validate(Array)
#10 C:\wamp64\www\EEC_SITE_INTERNET\system\Model.php(800): CodeIgniter\BaseModel->insert(Array, false)
#11 C:\wamp64\www\EEC_SITE_INTERNET\system\BaseModel.php(754): CodeIgniter\Model->insert(Array, false)
#12 C:\wamp64\www\EEC_SITE_INTERNET\app\Controllers\loginControleur.php(40): CodeIgniter\BaseModel->save(Array)
#13 C:\wamp64\www\EEC_SITE_INTERNET\system\CodeIgniter.php(933): App\Controllers\LoginControleur->save()
#14 C:\wamp64\www\EEC_SITE_INTERNET\system\CodeIgniter.php(507): CodeIgniter\CodeIgniter->runController(Object(App\Controllers\LoginControleur))
#15 C:\wamp64\www\EEC_SITE_INTERNET\system\CodeIgniter.php(354): CodeIgniter\CodeIgniter->handleRequest(NULL, Object(Config\Cache), false)
#16 C:\wamp64\www\EEC_SITE_INTERNET\system\Boot.php(334): CodeIgniter\CodeIgniter->run()
#17 C:\wamp64\www\EEC_SITE_INTERNET\system\Boot.php(67): CodeIgniter\Boot::runCodeIgniter(Object(CodeIgniter\CodeIgniter))
#18 C:\wamp64\www\EEC_SITE_INTERNET\public\index.php(59): CodeIgniter\Boot::bootWeb(Object(Config\Paths))
#19 {main}
CRITICAL - 2025-11-17 19:34:53 --> CodeIgniter\Database\Exceptions\DatabaseException: La table 'eecbafoussam.contact' n'existe pas
[Method: POST, Route: Contact/save]
in SYSTEMPATH\Database\BaseConnection.php on line 692.
 1 SYSTEMPATH\Database\BaseBuilder.php(1649): CodeIgniter\Database\BaseConnection->query('SELECT 1
FROM `Contact`
WHERE `email` = :email:
 LIMIT 1', [...], false)
 2 SYSTEMPATH\Validation\Rules.php(175): CodeIgniter\Database\BaseBuilder->get()
 3 SYSTEMPATH\Validation\StrictRules\Rules.php(187): CodeIgniter\Validation\Rules->is_unique('FOYET@GMAIL.COM', 'Contact.email', [...])
 4 SYSTEMPATH\Validation\Validation.php(336): CodeIgniter\Validation\StrictRules\Rules->is_unique('FOYET@GMAIL.COM', 'Contact.email', [...], null, 'email')
 5 SYSTEMPATH\Validation\Validation.php(201): CodeIgniter\Validation\Validation->processRules('email', 'email', 'FOYET@GMAIL.COM', [...], [...], 'email')
 6 SYSTEMPATH\BaseModel.php(1580): CodeIgniter\Validation\Validation->run([...], null, null)
 7 SYSTEMPATH\BaseModel.php(812): CodeIgniter\BaseModel->validate([...])
 8 SYSTEMPATH\Model.php(800): CodeIgniter\BaseModel->insert([...], false)
 9 SYSTEMPATH\BaseModel.php(754): CodeIgniter\Model->insert([...], false)
10 APPPATH\Controllers\loginControleur.php(40): CodeIgniter\BaseModel->save([...])
11 SYSTEMPATH\CodeIgniter.php(933): App\Controllers\LoginControleur->save()
12 SYSTEMPATH\CodeIgniter.php(507): CodeIgniter\CodeIgniter->runController(Object(App\Controllers\LoginControleur))
13 SYSTEMPATH\CodeIgniter.php(354): CodeIgniter\CodeIgniter->handleRequest(null, Object(Config\Cache), false)
14 SYSTEMPATH\Boot.php(334): CodeIgniter\CodeIgniter->run()
15 SYSTEMPATH\Boot.php(67): CodeIgniter\Boot::runCodeIgniter(Object(CodeIgniter\CodeIgniter))
16 FCPATH\index.php(59): CodeIgniter\Boot::bootWeb(Object(Config\Paths))
CRITICAL - 2025-11-17 19:34:53 --> [Caused by] CodeIgniter\Database\Exceptions\DatabaseException: La table 'eecbafoussam.contact' n'existe pas
in SYSTEMPATH\Database\MySQLi\Connection.php on line 332.
 1 SYSTEMPATH\Database\BaseConnection.php(738): CodeIgniter\Database\MySQLi\Connection->execute('SELECT 1
FROM `Contact`
WHERE `email` = \'FOYET@GMAIL.COM\'
 LIMIT 1')
 2 SYSTEMPATH\Database\BaseConnection.php(652): CodeIgniter\Database\BaseConnection->simpleQuery('SELECT 1
FROM `Contact`
WHERE `email` = \'FOYET@GMAIL.COM\'
 LIMIT 1')
 3 SYSTEMPATH\Database\BaseBuilder.php(1649): CodeIgniter\Database\BaseConnection->query('SELECT 1
FROM `Contact`
WHERE `email` = :email:
 LIMIT 1', [...], false)
 4 SYSTEMPATH\Validation\Rules.php(175): CodeIgniter\Database\BaseBuilder->get()
 5 SYSTEMPATH\Validation\StrictRules\Rules.php(187): CodeIgniter\Validation\Rules->is_unique('FOYET@GMAIL.COM', 'Contact.email', [...])
 6 SYSTEMPATH\Validation\Validation.php(336): CodeIgniter\Validation\StrictRules\Rules->is_unique('FOYET@GMAIL.COM', 'Contact.email', [...], null, 'email')
 7 SYSTEMPATH\Validation\Validation.php(201): CodeIgniter\Validation\Validation->processRules('email', 'email', 'FOYET@GMAIL.COM', [...], [...], 'email')
 8 SYSTEMPATH\BaseModel.php(1580): CodeIgniter\Validation\Validation->run([...], null, null)
 9 SYSTEMPATH\BaseModel.php(812): CodeIgniter\BaseModel->validate([...])
10 SYSTEMPATH\Model.php(800): CodeIgniter\BaseModel->insert([...], false)
11 SYSTEMPATH\BaseModel.php(754): CodeIgniter\Model->insert([...], false)
12 APPPATH\Controllers\loginControleur.php(40): CodeIgniter\BaseModel->save([...])
13 SYSTEMPATH\CodeIgniter.php(933): App\Controllers\LoginControleur->save()
14 SYSTEMPATH\CodeIgniter.php(507): CodeIgniter\CodeIgniter->runController(Object(App\Controllers\LoginControleur))
15 SYSTEMPATH\CodeIgniter.php(354): CodeIgniter\CodeIgniter->handleRequest(null, Object(Config\Cache), false)
16 SYSTEMPATH\Boot.php(334): CodeIgniter\CodeIgniter->run()
17 SYSTEMPATH\Boot.php(67): CodeIgniter\Boot::runCodeIgniter(Object(CodeIgniter\CodeIgniter))
18 FCPATH\index.php(59): CodeIgniter\Boot::bootWeb(Object(Config\Paths))
CRITICAL - 2025-11-17 19:34:53 --> [Caused by] mysqli_sql_exception: La table 'eecbafoussam.contact' n'existe pas
in SYSTEMPATH\Database\MySQLi\Connection.php on line 327.
 1 SYSTEMPATH\Database\MySQLi\Connection.php(327): mysqli->query('SELECT 1
FROM `Contact`
WHERE `email` = \'FOYET@GMAIL.COM\'
 LIMIT 1', 0)
 2 SYSTEMPATH\Database\BaseConnection.php(738): CodeIgniter\Database\MySQLi\Connection->execute('SELECT 1
FROM `Contact`
WHERE `email` = \'FOYET@GMAIL.COM\'
 LIMIT 1')
 3 SYSTEMPATH\Database\BaseConnection.php(652): CodeIgniter\Database\BaseConnection->simpleQuery('SELECT 1
FROM `Contact`
WHERE `email` = \'FOYET@GMAIL.COM\'
 LIMIT 1')
 4 SYSTEMPATH\Database\BaseBuilder.php(1649): CodeIgniter\Database\BaseConnection->query('SELECT 1
FROM `Contact`
WHERE `email` = :email:
 LIMIT 1', [...], false)
 5 SYSTEMPATH\Validation\Rules.php(175): CodeIgniter\Database\BaseBuilder->get()
 6 SYSTEMPATH\Validation\StrictRules\Rules.php(187): CodeIgniter\Validation\Rules->is_unique('FOYET@GMAIL.COM', 'Contact.email', [...])
 7 SYSTEMPATH\Validation\Validation.php(336): CodeIgniter\Validation\StrictRules\Rules->is_unique('FOYET@GMAIL.COM', 'Contact.email', [...], null, 'email')
 8 SYSTEMPATH\Validation\Validation.php(201): CodeIgniter\Validation\Validation->processRules('email', 'email', 'FOYET@GMAIL.COM', [...], [...], 'email')
 9 SYSTEMPATH\BaseModel.php(1580): CodeIgniter\Validation\Validation->run([...], null, null)
10 SYSTEMPATH\BaseModel.php(812): CodeIgniter\BaseModel->validate([...])
11 SYSTEMPATH\Model.php(800): CodeIgniter\BaseModel->insert([...], false)
12 SYSTEMPATH\BaseModel.php(754): CodeIgniter\Model->insert([...], false)
13 APPPATH\Controllers\loginControleur.php(40): CodeIgniter\BaseModel->save([...])
14 SYSTEMPATH\CodeIgniter.php(933): App\Controllers\LoginControleur->save()
15 SYSTEMPATH\CodeIgniter.php(507): CodeIgniter\CodeIgniter->runController(Object(App\Controllers\LoginControleur))
16 SYSTEMPATH\CodeIgniter.php(354): CodeIgniter\CodeIgniter->handleRequest(null, Object(Config\Cache), false)
17 SYSTEMPATH\Boot.php(334): CodeIgniter\CodeIgniter->run()
18 SYSTEMPATH\Boot.php(67): CodeIgniter\Boot::runCodeIgniter(Object(CodeIgniter\CodeIgniter))
19 FCPATH\index.php(59): CodeIgniter\Boot::bootWeb(Object(Config\Paths))
CRITICAL - 2025-11-17 19:42:15 --> CodeIgniter\HTTP\Exceptions\BadRequestException: The URI you submitted has disallowed characters: "@icon"
[Method: GET, Route: ASSETS/extensions/@icon/dripicons/dripicons.css]
in SYSTEMPATH\Router\Router.php on line 741.
 1 SYSTEMPATH\Router\Router.php(207): CodeIgniter\Router\Router->checkDisallowedChars('ASSETS/extensions/@icon/dripicons/dripicons.css')
 2 SYSTEMPATH\CodeIgniter.php(832): CodeIgniter\Router\Router->handle('ASSETS/extensions/@icon/dripicons/dripicons.css')
 3 SYSTEMPATH\CodeIgniter.php(455): CodeIgniter\CodeIgniter->tryToRouteIt(Object(CodeIgniter\Router\RouteCollection))
 4 SYSTEMPATH\CodeIgniter.php(354): CodeIgniter\CodeIgniter->handleRequest(null, Object(Config\Cache), false)
 5 SYSTEMPATH\Boot.php(334): CodeIgniter\CodeIgniter->run()
 6 SYSTEMPATH\Boot.php(67): CodeIgniter\Boot::runCodeIgniter(Object(CodeIgniter\CodeIgniter))
 7 FCPATH\index.php(59): CodeIgniter\Boot::bootWeb(Object(Config\Paths))
CRITICAL - 2025-11-17 19:42:20 --> CodeIgniter\HTTP\Exceptions\BadRequestException: The URI you submitted has disallowed characters: "@icon"
[Method: GET, Route: ASSETS/extensions/@icon/dripicons/dripicons.css]
in SYSTEMPATH\Router\Router.php on line 741.
 1 SYSTEMPATH\Router\Router.php(207): CodeIgniter\Router\Router->checkDisallowedChars('ASSETS/extensions/@icon/dripicons/dripicons.css')
 2 SYSTEMPATH\CodeIgniter.php(832): CodeIgniter\Router\Router->handle('ASSETS/extensions/@icon/dripicons/dripicons.css')
 3 SYSTEMPATH\CodeIgniter.php(455): CodeIgniter\CodeIgniter->tryToRouteIt(Object(CodeIgniter\Router\RouteCollection))
 4 SYSTEMPATH\CodeIgniter.php(354): CodeIgniter\CodeIgniter->handleRequest(null, Object(Config\Cache), false)
 5 SYSTEMPATH\Boot.php(334): CodeIgniter\CodeIgniter->run()
 6 SYSTEMPATH\Boot.php(67): CodeIgniter\Boot::runCodeIgniter(Object(CodeIgniter\CodeIgniter))
 7 FCPATH\index.php(59): CodeIgniter\Boot::bootWeb(Object(Config\Paths))
CRITICAL - 2025-11-17 20:02:37 --> CodeIgniter\HTTP\Exceptions\BadRequestException: The URI you submitted has disallowed characters: "@icon"
[Method: GET, Route: ASSETS/extensions/@icon/dripicons/dripicons.css]
in SYSTEMPATH\Router\Router.php on line 741.
 1 SYSTEMPATH\Router\Router.php(207): CodeIgniter\Router\Router->checkDisallowedChars('ASSETS/extensions/@icon/dripicons/dripicons.css')
 2 SYSTEMPATH\CodeIgniter.php(832): CodeIgniter\Router\Router->handle('ASSETS/extensions/@icon/dripicons/dripicons.css')
 3 SYSTEMPATH\CodeIgniter.php(455): CodeIgniter\CodeIgniter->tryToRouteIt(Object(CodeIgniter\Router\RouteCollection))
 4 SYSTEMPATH\CodeIgniter.php(354): CodeIgniter\CodeIgniter->handleRequest(null, Object(Config\Cache), false)
 5 SYSTEMPATH\Boot.php(334): CodeIgniter\CodeIgniter->run()
 6 SYSTEMPATH\Boot.php(67): CodeIgniter\Boot::runCodeIgniter(Object(CodeIgniter\CodeIgniter))
 7 FCPATH\index.php(59): CodeIgniter\Boot::bootWeb(Object(Config\Paths))
CRITICAL - 2025-11-17 20:02:41 --> CodeIgniter\HTTP\Exceptions\BadRequestException: The URI you submitted has disallowed characters: "@icon"
[Method: GET, Route: ASSETS/extensions/@icon/dripicons/dripicons.css]
in SYSTEMPATH\Router\Router.php on line 741.
 1 SYSTEMPATH\Router\Router.php(207): CodeIgniter\Router\Router->checkDisallowedChars('ASSETS/extensions/@icon/dripicons/dripicons.css')
 2 SYSTEMPATH\CodeIgniter.php(832): CodeIgniter\Router\Router->handle('ASSETS/extensions/@icon/dripicons/dripicons.css')
 3 SYSTEMPATH\CodeIgniter.php(455): CodeIgniter\CodeIgniter->tryToRouteIt(Object(CodeIgniter\Router\RouteCollection))
 4 SYSTEMPATH\CodeIgniter.php(354): CodeIgniter\CodeIgniter->handleRequest(null, Object(Config\Cache), false)
 5 SYSTEMPATH\Boot.php(334): CodeIgniter\CodeIgniter->run()
 6 SYSTEMPATH\Boot.php(67): CodeIgniter\Boot::runCodeIgniter(Object(CodeIgniter\CodeIgniter))
 7 FCPATH\index.php(59): CodeIgniter\Boot::bootWeb(Object(Config\Paths))
CRITICAL - 2025-11-17 20:18:25 --> ParseError: syntax error, unexpected token "else"
[Method: GET, Route: login/success]
in APPPATH\Controllers\LoginController.php on line 50.
 1 SYSTEMPATH\Autoloader\Autoloader.php(295): CodeIgniter\Autoloader\Autoloader->includeFile('C:\\wamp64\\www\\EEC_SITE_INTERNET\\app\\Controllers\\LoginController.php')
 2 SYSTEMPATH\Autoloader\Autoloader.php(271): CodeIgniter\Autoloader\Autoloader->loadInNamespace('App\\Controllers\\LoginController')
 3 [internal function]: CodeIgniter\Autoloader\Autoloader->loadClass('App\\Controllers\\LoginController')
 4 SYSTEMPATH\CodeIgniter.php(885): class_exists('\\App\\Controllers\\LoginController', true)
 5 SYSTEMPATH\CodeIgniter.php(494): CodeIgniter\CodeIgniter->startController()
 6 SYSTEMPATH\CodeIgniter.php(354): CodeIgniter\CodeIgniter->handleRequest(null, Object(Config\Cache), false)
 7 SYSTEMPATH\Boot.php(334): CodeIgniter\CodeIgniter->run()
 8 SYSTEMPATH\Boot.php(67): CodeIgniter\Boot::runCodeIgniter(Object(CodeIgniter\CodeIgniter))
 9 FCPATH\index.php(59): CodeIgniter\Boot::bootWeb(Object(Config\Paths))
CRITICAL - 2025-11-17 20:24:00 --> CodeIgniter\HTTP\Exceptions\BadRequestException: The URI you submitted has disallowed characters: "@icon"
[Method: GET, Route: ASSETS/extensions/@icon/dripicons/dripicons.css]
in SYSTEMPATH\Router\Router.php on line 741.
 1 SYSTEMPATH\Router\Router.php(207): CodeIgniter\Router\Router->checkDisallowedChars('ASSETS/extensions/@icon/dripicons/dripicons.css')
 2 SYSTEMPATH\CodeIgniter.php(832): CodeIgniter\Router\Router->handle('ASSETS/extensions/@icon/dripicons/dripicons.css')
 3 SYSTEMPATH\CodeIgniter.php(455): CodeIgniter\CodeIgniter->tryToRouteIt(Object(CodeIgniter\Router\RouteCollection))
 4 SYSTEMPATH\CodeIgniter.php(354): CodeIgniter\CodeIgniter->handleRequest(null, Object(Config\Cache), false)
 5 SYSTEMPATH\Boot.php(334): CodeIgniter\CodeIgniter->run()
 6 SYSTEMPATH\Boot.php(67): CodeIgniter\Boot::runCodeIgniter(Object(CodeIgniter\CodeIgniter))
 7 FCPATH\index.php(59): CodeIgniter\Boot::bootWeb(Object(Config\Paths))
CRITICAL - 2025-11-17 20:24:04 --> CodeIgniter\HTTP\Exceptions\BadRequestException: The URI you submitted has disallowed characters: "@icon"
[Method: GET, Route: ASSETS/extensions/@icon/dripicons/dripicons.css]
in SYSTEMPATH\Router\Router.php on line 741.
 1 SYSTEMPATH\Router\Router.php(207): CodeIgniter\Router\Router->checkDisallowedChars('ASSETS/extensions/@icon/dripicons/dripicons.css')
 2 SYSTEMPATH\CodeIgniter.php(832): CodeIgniter\Router\Router->handle('ASSETS/extensions/@icon/dripicons/dripicons.css')
 3 SYSTEMPATH\CodeIgniter.php(455): CodeIgniter\CodeIgniter->tryToRouteIt(Object(CodeIgniter\Router\RouteCollection))
 4 SYSTEMPATH\CodeIgniter.php(354): CodeIgniter\CodeIgniter->handleRequest(null, Object(Config\Cache), false)
 5 SYSTEMPATH\Boot.php(334): CodeIgniter\CodeIgniter->run()
 6 SYSTEMPATH\Boot.php(67): CodeIgniter\Boot::runCodeIgniter(Object(CodeIgniter\CodeIgniter))
 7 FCPATH\index.php(59): CodeIgniter\Boot::bootWeb(Object(Config\Paths))
